<?xml version="1.0" encoding="UTF-8"?>
<testsuite xmlns:xsi="http://www.w3.org/2001/XMLSchema-instance" xsi:noNamespaceSchemaLocation="https://maven.apache.org/surefire/maven-surefire-plugin/xsd/surefire-test-report.xsd" name="com.yikolemon.MyblogApplicationTests" time="2.866" tests="1" errors="0" skipped="0" failures="0">
  <properties>
    <property name="sun.desktop" value="windows"/>
    <property name="awt.toolkit" value="sun.awt.windows.WToolkit"/>
    <property name="file.encoding.pkg" value="sun.io"/>
    <property name="java.specification.version" value="1.8"/>
    <property name="sun.cpu.isalist" value="amd64"/>
    <property name="sun.jnu.encoding" value="GBK"/>
    <property name="java.class.path" value="F:\Java\JavaWorkspace\myblog\target\test-classes;F:\Java\JavaWorkspace\myblog\target\classes;F:\Java\Maven repository\org\springframework\boot\spring-boot-starter-thymeleaf\2.2.5.RELEASE\spring-boot-starter-thymeleaf-2.2.5.RELEASE.jar;F:\Java\Maven repository\org\springframework\boot\spring-boot-starter\2.2.5.RELEASE\spring-boot-starter-2.2.5.RELEASE.jar;F:\Java\Maven repository\org\springframework\boot\spring-boot\2.2.5.RELEASE\spring-boot-2.2.5.RELEASE.jar;F:\Java\Maven repository\org\springframework\boot\spring-boot-autoconfigure\2.2.5.RELEASE\spring-boot-autoconfigure-2.2.5.RELEASE.jar;F:\Java\Maven repository\org\springframework\boot\spring-boot-starter-logging\2.2.5.RELEASE\spring-boot-starter-logging-2.2.5.RELEASE.jar;F:\Java\Maven repository\ch\qos\logback\logback-classic\1.2.3\logback-classic-1.2.3.jar;F:\Java\Maven repository\ch\qos\logback\logback-core\1.2.3\logback-core-1.2.3.jar;F:\Java\Maven repository\org\apache\logging\log4j\log4j-to-slf4j\2.12.1\log4j-to-slf4j-2.12.1.jar;F:\Java\Maven repository\org\apache\logging\log4j\log4j-api\2.12.1\log4j-api-2.12.1.jar;F:\Java\Maven repository\org\slf4j\jul-to-slf4j\1.7.30\jul-to-slf4j-1.7.30.jar;F:\Java\Maven repository\jakarta\annotation\jakarta.annotation-api\1.3.5\jakarta.annotation-api-1.3.5.jar;F:\Java\Maven repository\org\yaml\snakeyaml\1.25\snakeyaml-1.25.jar;F:\Java\Maven repository\org\thymeleaf\thymeleaf-spring5\3.0.11.RELEASE\thymeleaf-spring5-3.0.11.RELEASE.jar;F:\Java\Maven repository\org\thymeleaf\thymeleaf\3.0.11.RELEASE\thymeleaf-3.0.11.RELEASE.jar;F:\Java\Maven repository\org\attoparser\attoparser\2.0.5.RELEASE\attoparser-2.0.5.RELEASE.jar;F:\Java\Maven repository\org\unbescape\unbescape\1.1.6.RELEASE\unbescape-1.1.6.RELEASE.jar;F:\Java\Maven repository\org\slf4j\slf4j-api\1.7.30\slf4j-api-1.7.30.jar;F:\Java\Maven repository\org\thymeleaf\extras\thymeleaf-extras-java8time\3.0.4.RELEASE\thymeleaf-extras-java8time-3.0.4.RELEASE.jar;F:\Java\Maven repository\org\springframework\boot\spring-boot-starter-web\2.2.5.RELEASE\spring-boot-starter-web-2.2.5.RELEASE.jar;F:\Java\Maven repository\org\springframework\boot\spring-boot-starter-json\2.2.5.RELEASE\spring-boot-starter-json-2.2.5.RELEASE.jar;F:\Java\Maven repository\com\fasterxml\jackson\core\jackson-databind\2.10.2\jackson-databind-2.10.2.jar;F:\Java\Maven repository\com\fasterxml\jackson\core\jackson-annotations\2.10.2\jackson-annotations-2.10.2.jar;F:\Java\Maven repository\com\fasterxml\jackson\core\jackson-core\2.10.2\jackson-core-2.10.2.jar;F:\Java\Maven repository\com\fasterxml\jackson\datatype\jackson-datatype-jdk8\2.10.2\jackson-datatype-jdk8-2.10.2.jar;F:\Java\Maven repository\com\fasterxml\jackson\datatype\jackson-datatype-jsr310\2.10.2\jackson-datatype-jsr310-2.10.2.jar;F:\Java\Maven repository\com\fasterxml\jackson\module\jackson-module-parameter-names\2.10.2\jackson-module-parameter-names-2.10.2.jar;F:\Java\Maven repository\org\springframework\boot\spring-boot-starter-tomcat\2.2.5.RELEASE\spring-boot-starter-tomcat-2.2.5.RELEASE.jar;F:\Java\Maven repository\org\apache\tomcat\embed\tomcat-embed-core\9.0.31\tomcat-embed-core-9.0.31.jar;F:\Java\Maven repository\org\apache\tomcat\embed\tomcat-embed-websocket\9.0.31\tomcat-embed-websocket-9.0.31.jar;F:\Java\Maven repository\org\springframework\spring-web\5.2.4.RELEASE\spring-web-5.2.4.RELEASE.jar;F:\Java\Maven repository\org\springframework\spring-beans\5.2.4.RELEASE\spring-beans-5.2.4.RELEASE.jar;F:\Java\Maven repository\org\springframework\spring-webmvc\5.2.4.RELEASE\spring-webmvc-5.2.4.RELEASE.jar;F:\Java\Maven repository\org\springframework\spring-aop\5.2.4.RELEASE\spring-aop-5.2.4.RELEASE.jar;F:\Java\Maven repository\org\springframework\spring-context\5.2.4.RELEASE\spring-context-5.2.4.RELEASE.jar;F:\Java\Maven repository\org\springframework\spring-expression\5.2.4.RELEASE\spring-expression-5.2.4.RELEASE.jar;F:\Java\Maven repository\org\projectlombok\lombok\1.18.22\lombok-1.18.22.jar;F:\Java\Maven repository\org\springframework\boot\spring-boot-starter-test\2.2.5.RELEASE\spring-boot-starter-test-2.2.5.RELEASE.jar;F:\Java\Maven repository\org\springframework\boot\spring-boot-test\2.2.5.RELEASE\spring-boot-test-2.2.5.RELEASE.jar;F:\Java\Maven repository\org\springframework\boot\spring-boot-test-autoconfigure\2.2.5.RELEASE\spring-boot-test-autoconfigure-2.2.5.RELEASE.jar;F:\Java\Maven repository\com\jayway\jsonpath\json-path\2.4.0\json-path-2.4.0.jar;F:\Java\Maven repository\net\minidev\json-smart\2.3\json-smart-2.3.jar;F:\Java\Maven repository\net\minidev\accessors-smart\1.2\accessors-smart-1.2.jar;F:\Java\Maven repository\org\ow2\asm\asm\5.0.4\asm-5.0.4.jar;F:\Java\Maven repository\jakarta\xml\bind\jakarta.xml.bind-api\2.3.2\jakarta.xml.bind-api-2.3.2.jar;F:\Java\Maven repository\jakarta\activation\jakarta.activation-api\1.2.2\jakarta.activation-api-1.2.2.jar;F:\Java\Maven repository\org\junit\jupiter\junit-jupiter\5.5.2\junit-jupiter-5.5.2.jar;F:\Java\Maven repository\org\junit\jupiter\junit-jupiter-api\5.5.2\junit-jupiter-api-5.5.2.jar;F:\Java\Maven repository\org\apiguardian\apiguardian-api\1.1.0\apiguardian-api-1.1.0.jar;F:\Java\Maven repository\org\opentest4j\opentest4j\1.2.0\opentest4j-1.2.0.jar;F:\Java\Maven repository\org\junit\platform\junit-platform-commons\1.5.2\junit-platform-commons-1.5.2.jar;F:\Java\Maven repository\org\junit\jupiter\junit-jupiter-params\5.5.2\junit-jupiter-params-5.5.2.jar;F:\Java\Maven repository\org\junit\jupiter\junit-jupiter-engine\5.5.2\junit-jupiter-engine-5.5.2.jar;F:\Java\Maven repository\org\junit\platform\junit-platform-engine\1.5.2\junit-platform-engine-1.5.2.jar;F:\Java\Maven repository\org\mockito\mockito-junit-jupiter\3.1.0\mockito-junit-jupiter-3.1.0.jar;F:\Java\Maven repository\org\assertj\assertj-core\3.13.2\assertj-core-3.13.2.jar;F:\Java\Maven repository\org\hamcrest\hamcrest\2.1\hamcrest-2.1.jar;F:\Java\Maven repository\org\mockito\mockito-core\3.1.0\mockito-core-3.1.0.jar;F:\Java\Maven repository\net\bytebuddy\byte-buddy\1.10.8\byte-buddy-1.10.8.jar;F:\Java\Maven repository\net\bytebuddy\byte-buddy-agent\1.10.8\byte-buddy-agent-1.10.8.jar;F:\Java\Maven repository\org\objenesis\objenesis\2.6\objenesis-2.6.jar;F:\Java\Maven repository\org\skyscreamer\jsonassert\1.5.0\jsonassert-1.5.0.jar;F:\Java\Maven repository\com\vaadin\external\google\android-json\0.0.20131108.vaadin1\android-json-0.0.20131108.vaadin1.jar;F:\Java\Maven repository\org\springframework\spring-core\5.2.4.RELEASE\spring-core-5.2.4.RELEASE.jar;F:\Java\Maven repository\org\springframework\spring-jcl\5.2.4.RELEASE\spring-jcl-5.2.4.RELEASE.jar;F:\Java\Maven repository\org\springframework\spring-test\5.2.4.RELEASE\spring-test-5.2.4.RELEASE.jar;F:\Java\Maven repository\org\xmlunit\xmlunit-core\2.6.3\xmlunit-core-2.6.3.jar;F:\Java\Maven repository\mysql\mysql-connector-java\5.1.6\mysql-connector-java-5.1.6.jar;F:\Java\Maven repository\org\aspectj\aspectjweaver\1.7.4\aspectjweaver-1.7.4.jar;F:\Java\Maven repository\org\mybatis\mybatis\3.5.6\mybatis-3.5.6.jar;F:\Java\Maven repository\org\mybatis\spring\boot\mybatis-spring-boot-starter\2.2.0\mybatis-spring-boot-starter-2.2.0.jar;F:\Java\Maven repository\org\springframework\boot\spring-boot-starter-jdbc\2.2.5.RELEASE\spring-boot-starter-jdbc-2.2.5.RELEASE.jar;F:\Java\Maven repository\com\zaxxer\HikariCP\3.4.2\HikariCP-3.4.2.jar;F:\Java\Maven repository\org\springframework\spring-jdbc\5.2.4.RELEASE\spring-jdbc-5.2.4.RELEASE.jar;F:\Java\Maven repository\org\springframework\spring-tx\5.2.4.RELEASE\spring-tx-5.2.4.RELEASE.jar;F:\Java\Maven repository\org\mybatis\spring\boot\mybatis-spring-boot-autoconfigure\2.2.0\mybatis-spring-boot-autoconfigure-2.2.0.jar;F:\Java\Maven repository\org\mybatis\mybatis-spring\2.0.6\mybatis-spring-2.0.6.jar;F:\Java\Maven repository\com\github\pagehelper\pagehelper-spring-boot-starter\1.2.12\pagehelper-spring-boot-starter-1.2.12.jar;F:\Java\Maven repository\com\github\pagehelper\pagehelper-spring-boot-autoconfigure\1.2.12\pagehelper-spring-boot-autoconfigure-1.2.12.jar;F:\Java\Maven repository\com\github\pagehelper\pagehelper\5.1.10\pagehelper-5.1.10.jar;F:\Java\Maven repository\com\github\jsqlparser\jsqlparser\2.0\jsqlparser-2.0.jar;F:\Java\Maven repository\org\springframework\boot\spring-boot-starter-validation\2.2.5.RELEASE\spring-boot-starter-validation-2.2.5.RELEASE.jar;F:\Java\Maven repository\jakarta\validation\jakarta.validation-api\2.0.2\jakarta.validation-api-2.0.2.jar;F:\Java\Maven repository\org\apache\tomcat\embed\tomcat-embed-el\9.0.31\tomcat-embed-el-9.0.31.jar;F:\Java\Maven repository\org\hibernate\validator\hibernate-validator\6.0.18.Final\hibernate-validator-6.0.18.Final.jar;F:\Java\Maven repository\org\jboss\logging\jboss-logging\3.4.1.Final\jboss-logging-3.4.1.Final.jar;F:\Java\Maven repository\com\fasterxml\classmate\1.5.1\classmate-1.5.1.jar;F:\Java\Maven repository\junit\junit\4.12\junit-4.12.jar;F:\Java\Maven repository\org\hamcrest\hamcrest-core\2.1\hamcrest-core-2.1.jar;F:\Java\Maven repository\com\atlassian\commonmark\commonmark\0.10.0\commonmark-0.10.0.jar;F:\Java\Maven repository\com\atlassian\commonmark\commonmark-ext-heading-anchor\0.10.0\commonmark-ext-heading-anchor-0.10.0.jar;F:\Java\Maven repository\com\atlassian\commonmark\commonmark-ext-gfm-tables\0.10.0\commonmark-ext-gfm-tables-0.10.0.jar;F:\Java\Maven repository\com\qiniu\qiniu-java-sdk\7.9.3\qiniu-java-sdk-7.9.3.jar;F:\Java\Maven repository\com\squareup\okhttp3\okhttp\3.14.7\okhttp-3.14.7.jar;F:\Java\Maven repository\com\squareup\okio\okio\1.17.2\okio-1.17.2.jar;F:\Java\Maven repository\commons-fileupload\commons-fileupload\1.3.3\commons-fileupload-1.3.3.jar;F:\Java\Maven repository\commons-io\commons-io\2.2\commons-io-2.2.jar;F:\Java\Maven repository\com\google\code\gson\gson\2.8.6\gson-2.8.6.jar;"/>
    <property name="java.vm.vendor" value="Oracle Corporation"/>
    <property name="sun.arch.data.model" value="64"/>
    <property name="user.variant" value=""/>
    <property name="java.vendor.url" value="http://java.oracle.com/"/>
    <property name="user.timezone" value="Asia/Shanghai"/>
    <property name="java.vm.specification.version" value="1.8"/>
    <property name="os.name" value="Windows 10"/>
    <property name="user.country" value="CN"/>
    <property name="sun.java.launcher" value="SUN_STANDARD"/>
    <property name="sun.boot.library.path" value="F:\Java\JDK1.8\jre\bin"/>
    <property name="sun.java.command" value="C:\Users\YIKOLE~1\AppData\Local\Temp\surefire7009590817694107086\surefirebooter6046485219645696892.jar C:\Users\Yikolemon\AppData\Local\Temp\surefire7009590817694107086 2022-02-12T17-32-35_440-jvmRun1 surefire5620005891093434211tmp surefire_0588157447561030068tmp"/>
    <property name="surefire.test.class.path" value="F:\Java\JavaWorkspace\myblog\target\test-classes;F:\Java\JavaWorkspace\myblog\target\classes;F:\Java\Maven repository\org\springframework\boot\spring-boot-starter-thymeleaf\2.2.5.RELEASE\spring-boot-starter-thymeleaf-2.2.5.RELEASE.jar;F:\Java\Maven repository\org\springframework\boot\spring-boot-starter\2.2.5.RELEASE\spring-boot-starter-2.2.5.RELEASE.jar;F:\Java\Maven repository\org\springframework\boot\spring-boot\2.2.5.RELEASE\spring-boot-2.2.5.RELEASE.jar;F:\Java\Maven repository\org\springframework\boot\spring-boot-autoconfigure\2.2.5.RELEASE\spring-boot-autoconfigure-2.2.5.RELEASE.jar;F:\Java\Maven repository\org\springframework\boot\spring-boot-starter-logging\2.2.5.RELEASE\spring-boot-starter-logging-2.2.5.RELEASE.jar;F:\Java\Maven repository\ch\qos\logback\logback-classic\1.2.3\logback-classic-1.2.3.jar;F:\Java\Maven repository\ch\qos\logback\logback-core\1.2.3\logback-core-1.2.3.jar;F:\Java\Maven repository\org\apache\logging\log4j\log4j-to-slf4j\2.12.1\log4j-to-slf4j-2.12.1.jar;F:\Java\Maven repository\org\apache\logging\log4j\log4j-api\2.12.1\log4j-api-2.12.1.jar;F:\Java\Maven repository\org\slf4j\jul-to-slf4j\1.7.30\jul-to-slf4j-1.7.30.jar;F:\Java\Maven repository\jakarta\annotation\jakarta.annotation-api\1.3.5\jakarta.annotation-api-1.3.5.jar;F:\Java\Maven repository\org\yaml\snakeyaml\1.25\snakeyaml-1.25.jar;F:\Java\Maven repository\org\thymeleaf\thymeleaf-spring5\3.0.11.RELEASE\thymeleaf-spring5-3.0.11.RELEASE.jar;F:\Java\Maven repository\org\thymeleaf\thymeleaf\3.0.11.RELEASE\thymeleaf-3.0.11.RELEASE.jar;F:\Java\Maven repository\org\attoparser\attoparser\2.0.5.RELEASE\attoparser-2.0.5.RELEASE.jar;F:\Java\Maven repository\org\unbescape\unbescape\1.1.6.RELEASE\unbescape-1.1.6.RELEASE.jar;F:\Java\Maven repository\org\slf4j\slf4j-api\1.7.30\slf4j-api-1.7.30.jar;F:\Java\Maven repository\org\thymeleaf\extras\thymeleaf-extras-java8time\3.0.4.RELEASE\thymeleaf-extras-java8time-3.0.4.RELEASE.jar;F:\Java\Maven repository\org\springframework\boot\spring-boot-starter-web\2.2.5.RELEASE\spring-boot-starter-web-2.2.5.RELEASE.jar;F:\Java\Maven repository\org\springframework\boot\spring-boot-starter-json\2.2.5.RELEASE\spring-boot-starter-json-2.2.5.RELEASE.jar;F:\Java\Maven repository\com\fasterxml\jackson\core\jackson-databind\2.10.2\jackson-databind-2.10.2.jar;F:\Java\Maven repository\com\fasterxml\jackson\core\jackson-annotations\2.10.2\jackson-annotations-2.10.2.jar;F:\Java\Maven repository\com\fasterxml\jackson\core\jackson-core\2.10.2\jackson-core-2.10.2.jar;F:\Java\Maven repository\com\fasterxml\jackson\datatype\jackson-datatype-jdk8\2.10.2\jackson-datatype-jdk8-2.10.2.jar;F:\Java\Maven repository\com\fasterxml\jackson\datatype\jackson-datatype-jsr310\2.10.2\jackson-datatype-jsr310-2.10.2.jar;F:\Java\Maven repository\com\fasterxml\jackson\module\jackson-module-parameter-names\2.10.2\jackson-module-parameter-names-2.10.2.jar;F:\Java\Maven repository\org\springframework\boot\spring-boot-starter-tomcat\2.2.5.RELEASE\spring-boot-starter-tomcat-2.2.5.RELEASE.jar;F:\Java\Maven repository\org\apache\tomcat\embed\tomcat-embed-core\9.0.31\tomcat-embed-core-9.0.31.jar;F:\Java\Maven repository\org\apache\tomcat\embed\tomcat-embed-websocket\9.0.31\tomcat-embed-websocket-9.0.31.jar;F:\Java\Maven repository\org\springframework\spring-web\5.2.4.RELEASE\spring-web-5.2.4.RELEASE.jar;F:\Java\Maven repository\org\springframework\spring-beans\5.2.4.RELEASE\spring-beans-5.2.4.RELEASE.jar;F:\Java\Maven repository\org\springframework\spring-webmvc\5.2.4.RELEASE\spring-webmvc-5.2.4.RELEASE.jar;F:\Java\Maven repository\org\springframework\spring-aop\5.2.4.RELEASE\spring-aop-5.2.4.RELEASE.jar;F:\Java\Maven repository\org\springframework\spring-context\5.2.4.RELEASE\spring-context-5.2.4.RELEASE.jar;F:\Java\Maven repository\org\springframework\spring-expression\5.2.4.RELEASE\spring-expression-5.2.4.RELEASE.jar;F:\Java\Maven repository\org\projectlombok\lombok\1.18.22\lombok-1.18.22.jar;F:\Java\Maven repository\org\springframework\boot\spring-boot-starter-test\2.2.5.RELEASE\spring-boot-starter-test-2.2.5.RELEASE.jar;F:\Java\Maven repository\org\springframework\boot\spring-boot-test\2.2.5.RELEASE\spring-boot-test-2.2.5.RELEASE.jar;F:\Java\Maven repository\org\springframework\boot\spring-boot-test-autoconfigure\2.2.5.RELEASE\spring-boot-test-autoconfigure-2.2.5.RELEASE.jar;F:\Java\Maven repository\com\jayway\jsonpath\json-path\2.4.0\json-path-2.4.0.jar;F:\Java\Maven repository\net\minidev\json-smart\2.3\json-smart-2.3.jar;F:\Java\Maven repository\net\minidev\accessors-smart\1.2\accessors-smart-1.2.jar;F:\Java\Maven repository\org\ow2\asm\asm\5.0.4\asm-5.0.4.jar;F:\Java\Maven repository\jakarta\xml\bind\jakarta.xml.bind-api\2.3.2\jakarta.xml.bind-api-2.3.2.jar;F:\Java\Maven repository\jakarta\activation\jakarta.activation-api\1.2.2\jakarta.activation-api-1.2.2.jar;F:\Java\Maven repository\org\junit\jupiter\junit-jupiter\5.5.2\junit-jupiter-5.5.2.jar;F:\Java\Maven repository\org\junit\jupiter\junit-jupiter-api\5.5.2\junit-jupiter-api-5.5.2.jar;F:\Java\Maven repository\org\apiguardian\apiguardian-api\1.1.0\apiguardian-api-1.1.0.jar;F:\Java\Maven repository\org\opentest4j\opentest4j\1.2.0\opentest4j-1.2.0.jar;F:\Java\Maven repository\org\junit\platform\junit-platform-commons\1.5.2\junit-platform-commons-1.5.2.jar;F:\Java\Maven repository\org\junit\jupiter\junit-jupiter-params\5.5.2\junit-jupiter-params-5.5.2.jar;F:\Java\Maven repository\org\junit\jupiter\junit-jupiter-engine\5.5.2\junit-jupiter-engine-5.5.2.jar;F:\Java\Maven repository\org\junit\platform\junit-platform-engine\1.5.2\junit-platform-engine-1.5.2.jar;F:\Java\Maven repository\org\mockito\mockito-junit-jupiter\3.1.0\mockito-junit-jupiter-3.1.0.jar;F:\Java\Maven repository\org\assertj\assertj-core\3.13.2\assertj-core-3.13.2.jar;F:\Java\Maven repository\org\hamcrest\hamcrest\2.1\hamcrest-2.1.jar;F:\Java\Maven repository\org\mockito\mockito-core\3.1.0\mockito-core-3.1.0.jar;F:\Java\Maven repository\net\bytebuddy\byte-buddy\1.10.8\byte-buddy-1.10.8.jar;F:\Java\Maven repository\net\bytebuddy\byte-buddy-agent\1.10.8\byte-buddy-agent-1.10.8.jar;F:\Java\Maven repository\org\objenesis\objenesis\2.6\objenesis-2.6.jar;F:\Java\Maven repository\org\skyscreamer\jsonassert\1.5.0\jsonassert-1.5.0.jar;F:\Java\Maven repository\com\vaadin\external\google\android-json\0.0.20131108.vaadin1\android-json-0.0.20131108.vaadin1.jar;F:\Java\Maven repository\org\springframework\spring-core\5.2.4.RELEASE\spring-core-5.2.4.RELEASE.jar;F:\Java\Maven repository\org\springframework\spring-jcl\5.2.4.RELEASE\spring-jcl-5.2.4.RELEASE.jar;F:\Java\Maven repository\org\springframework\spring-test\5.2.4.RELEASE\spring-test-5.2.4.RELEASE.jar;F:\Java\Maven repository\org\xmlunit\xmlunit-core\2.6.3\xmlunit-core-2.6.3.jar;F:\Java\Maven repository\mysql\mysql-connector-java\5.1.6\mysql-connector-java-5.1.6.jar;F:\Java\Maven repository\org\aspectj\aspectjweaver\1.7.4\aspectjweaver-1.7.4.jar;F:\Java\Maven repository\org\mybatis\mybatis\3.5.6\mybatis-3.5.6.jar;F:\Java\Maven repository\org\mybatis\spring\boot\mybatis-spring-boot-starter\2.2.0\mybatis-spring-boot-starter-2.2.0.jar;F:\Java\Maven repository\org\springframework\boot\spring-boot-starter-jdbc\2.2.5.RELEASE\spring-boot-starter-jdbc-2.2.5.RELEASE.jar;F:\Java\Maven repository\com\zaxxer\HikariCP\3.4.2\HikariCP-3.4.2.jar;F:\Java\Maven repository\org\springframework\spring-jdbc\5.2.4.RELEASE\spring-jdbc-5.2.4.RELEASE.jar;F:\Java\Maven repository\org\springframework\spring-tx\5.2.4.RELEASE\spring-tx-5.2.4.RELEASE.jar;F:\Java\Maven repository\org\mybatis\spring\boot\mybatis-spring-boot-autoconfigure\2.2.0\mybatis-spring-boot-autoconfigure-2.2.0.jar;F:\Java\Maven repository\org\mybatis\mybatis-spring\2.0.6\mybatis-spring-2.0.6.jar;F:\Java\Maven repository\com\github\pagehelper\pagehelper-spring-boot-starter\1.2.12\pagehelper-spring-boot-starter-1.2.12.jar;F:\Java\Maven repository\com\github\pagehelper\pagehelper-spring-boot-autoconfigure\1.2.12\pagehelper-spring-boot-autoconfigure-1.2.12.jar;F:\Java\Maven repository\com\github\pagehelper\pagehelper\5.1.10\pagehelper-5.1.10.jar;F:\Java\Maven repository\com\github\jsqlparser\jsqlparser\2.0\jsqlparser-2.0.jar;F:\Java\Maven repository\org\springframework\boot\spring-boot-starter-validation\2.2.5.RELEASE\spring-boot-starter-validation-2.2.5.RELEASE.jar;F:\Java\Maven repository\jakarta\validation\jakarta.validation-api\2.0.2\jakarta.validation-api-2.0.2.jar;F:\Java\Maven repository\org\apache\tomcat\embed\tomcat-embed-el\9.0.31\tomcat-embed-el-9.0.31.jar;F:\Java\Maven repository\org\hibernate\validator\hibernate-validator\6.0.18.Final\hibernate-validator-6.0.18.Final.jar;F:\Java\Maven repository\org\jboss\logging\jboss-logging\3.4.1.Final\jboss-logging-3.4.1.Final.jar;F:\Java\Maven repository\com\fasterxml\classmate\1.5.1\classmate-1.5.1.jar;F:\Java\Maven repository\junit\junit\4.12\junit-4.12.jar;F:\Java\Maven repository\org\hamcrest\hamcrest-core\2.1\hamcrest-core-2.1.jar;F:\Java\Maven repository\com\atlassian\commonmark\commonmark\0.10.0\commonmark-0.10.0.jar;F:\Java\Maven repository\com\atlassian\commonmark\commonmark-ext-heading-anchor\0.10.0\commonmark-ext-heading-anchor-0.10.0.jar;F:\Java\Maven repository\com\atlassian\commonmark\commonmark-ext-gfm-tables\0.10.0\commonmark-ext-gfm-tables-0.10.0.jar;F:\Java\Maven repository\com\qiniu\qiniu-java-sdk\7.9.3\qiniu-java-sdk-7.9.3.jar;F:\Java\Maven repository\com\squareup\okhttp3\okhttp\3.14.7\okhttp-3.14.7.jar;F:\Java\Maven repository\com\squareup\okio\okio\1.17.2\okio-1.17.2.jar;F:\Java\Maven repository\commons-fileupload\commons-fileupload\1.3.3\commons-fileupload-1.3.3.jar;F:\Java\Maven repository\commons-io\commons-io\2.2\commons-io-2.2.jar;F:\Java\Maven repository\com\google\code\gson\gson\2.8.6\gson-2.8.6.jar;"/>
    <property name="sun.cpu.endian" value="little"/>
    <property name="user.home" value="C:\Users\Yikolemon"/>
    <property name="user.language" value="zh"/>
    <property name="java.specification.vendor" value="Oracle Corporation"/>
    <property name="idea.version2019.2.2" value="true"/>
    <property name="java.home" value="F:\Java\JDK1.8\jre"/>
    <property name="basedir" value="F:\Java\JavaWorkspace\myblog"/>
    <property name="file.separator" value="\"/>
    <property name="line.separator" value="&#10;"/>
    <property name="java.vm.specification.vendor" value="Oracle Corporation"/>
    <property name="java.specification.name" value="Java Platform API Specification"/>
    <property name="java.awt.graphicsenv" value="sun.awt.Win32GraphicsEnvironment"/>
    <property name="surefire.real.class.path" value="C:\Users\YIKOLE~1\AppData\Local\Temp\surefire7009590817694107086\surefirebooter6046485219645696892.jar"/>
    <property name="sun.boot.class.path" value="F:\Java\JDK1.8\jre\lib\resources.jar;F:\Java\JDK1.8\jre\lib\rt.jar;F:\Java\JDK1.8\jre\lib\sunrsasign.jar;F:\Java\JDK1.8\jre\lib\jsse.jar;F:\Java\JDK1.8\jre\lib\jce.jar;F:\Java\JDK1.8\jre\lib\charsets.jar;F:\Java\JDK1.8\jre\lib\jfr.jar;F:\Java\JDK1.8\jre\classes"/>
    <property name="user.script" value=""/>
    <property name="sun.management.compiler" value="HotSpot 64-Bit Tiered Compilers"/>
    <property name="java.runtime.version" value="1.8.0_311-b11"/>
    <property name="user.name" value="Yikolemon"/>
    <property name="path.separator" value=";"/>
    <property name="os.version" value="10.0"/>
    <property name="java.endorsed.dirs" value="F:\Java\JDK1.8\jre\lib\endorsed"/>
    <property name="java.runtime.name" value="Java(TM) SE Runtime Environment"/>
    <property name="file.encoding" value="GBK"/>
    <property name="java.vm.name" value="Java HotSpot(TM) 64-Bit Server VM"/>
    <property name="localRepository" value="F:\Java\Maven repository"/>
    <property name="java.vendor.url.bug" value="http://bugreport.sun.com/bugreport/"/>
    <property name="java.io.tmpdir" value="C:\Users\YIKOLE~1\AppData\Local\Temp\"/>
    <property name="java.version" value="1.8.0_311"/>
    <property name="user.dir" value="F:\Java\JavaWorkspace\myblog"/>
    <property name="os.arch" value="amd64"/>
    <property name="java.vm.specification.name" value="Java Virtual Machine Specification"/>
    <property name="java.awt.printerjob" value="sun.awt.windows.WPrinterJob"/>
    <property name="sun.os.patch.level" value=""/>
    <property name="java.library.path" value="F:\Java\JDK1.8\jre\bin;C:\Windows\Sun\Java\bin;C:\Windows\system32;C:\Windows;F:\Java\JDK1.8\bin;C:\Program Files (x86)\Common Files\Oracle\Java\javapath;C:\Windows\system32;C:\Windows;C:\Windows\System32\Wbem;C:\Windows\System32\WindowsPowerShell\v1.0\;C:\Windows\System32\OpenSSH\;C:\Program Files (x86)\NVIDIA Corporation\PhysX\Common;C:\Program Files\NVIDIA Corporation\NVIDIA NvDLISR;F:\Java\Maven\apache-maven-3.6.1\bin;F:\Java\Mysql\mysql-5.7.35-winx64\bin;C:\Program Files\MySQL\MySQL Utilities 1.6\;C:\Program Files\Microsoft VS Code\bin;F:\Service\Xshell\;F:\Service\Xftp\;C:\Program Files\Git\cmd;F:\Java\JDK1.8\bin;C:\Users\Yikolemon\AppData\Local\Microsoft\WindowsApps;F:\Java\Maven\apache-maven-3.6.1\bin;F:\Java\Mysql\mysql-5.7.35-winx64\bin;C:\Users\Yikolemon\AppData\Local\GitHubDesktop\bin;."/>
    <property name="java.vm.info" value="mixed mode"/>
    <property name="java.vendor" value="Oracle Corporation"/>
    <property name="java.vm.version" value="25.311-b11"/>
    <property name="java.ext.dirs" value="F:\Java\JDK1.8\jre\lib\ext;C:\Windows\Sun\Java\lib\ext"/>
    <property name="sun.io.unicode.encoding" value="UnicodeLittle"/>
    <property name="maven.repo.local" value="F:\Java\Maven repository"/>
    <property name="java.class.version" value="52.0"/>
  </properties>
  <testcase name="contextLoads" classname="com.yikolemon.MyblogApplicationTests" time="0.162"/>
</testsuite>